app/build/intermediates/manifest_merge_blame_file/release/manifest-merger-blame-release-report.txt
1<?xml version="1.0" encoding="utf-8"?>
2<manifest xmlns:android="http://schemas.android.com/apk/res/android"
3    package="com.bob.truth_dare_sphi_app"
4    android:versionCode="1"
5    android:versionName="1.0" >
6
7    <uses-sdk
8        android:minSdkVersion="23"
8-->src\main\AndroidManifest.xml
9        android:targetSdkVersion="33" />
9-->src\main\AndroidManifest.xml
10
11    <application
11-->src\main\AndroidManifest.xml:5:5-34:19
12        android:allowBackup="true"
12-->src\main\AndroidManifest.xml:6:9-35
13        android:appComponentFactory="androidx.core.app.CoreComponentFactory"
13-->[androidx.core:core:1.1.0] AndroidManifest.xml:24:18-86
14        android:extractNativeLibs="false"
15        android:icon="@mipmap/ic_launcher_truth"
15-->src\main\AndroidManifest.xml:7:9-49
16        android:label="@string/app_name"
16-->src\main\AndroidManifest.xml:8:9-41
17        android:roundIcon="@mipmap/ic_launcher_truth"
17-->src\main\AndroidManifest.xml:9:9-54
18        android:supportsRtl="true"
18-->src\main\AndroidManifest.xml:10:9-35
19        android:theme="@style/AppTheme" >
19-->src\main\AndroidManifest.xml:11:9-40
20        <activity
20-->src\main\AndroidManifest.xml:12:9-21:20
21            android:name="com.bob.truth_dare_sphi_app.StartActivity"
21-->src\main\AndroidManifest.xml:13:13-42
22            android:exported="true"
22-->src\main\AndroidManifest.xml:14:13-36
23            android:screenOrientation="portrait" >
23-->src\main\AndroidManifest.xml:15:13-49
24            <intent-filter>
24-->src\main\AndroidManifest.xml:16:13-20:29
25                <action android:name="android.intent.action.MAIN" />
25-->src\main\AndroidManifest.xml:17:17-69
25-->src\main\AndroidManifest.xml:17:25-66
26
27                <category android:name="android.intent.category.LAUNCHER" />
27-->src\main\AndroidManifest.xml:19:17-77
27-->src\main\AndroidManifest.xml:19:27-74
28            </intent-filter>
29        </activity>
30        <activity
30-->src\main\AndroidManifest.xml:22:9-25:53
31            android:name="com.bob.truth_dare_sphi_app.DareActivity"
31-->src\main\AndroidManifest.xml:23:13-41
32            android:exported="false"
32-->src\main\AndroidManifest.xml:24:13-37
33            android:label="@string/dare" />
33-->src\main\AndroidManifest.xml:25:13-41
34        <activity
34-->src\main\AndroidManifest.xml:26:9-29:54
35            android:name="com.bob.truth_dare_sphi_app.TruthActivity"
35-->src\main\AndroidManifest.xml:27:13-42
36            android:exported="false"
36-->src\main\AndroidManifest.xml:28:13-37
37            android:label="@string/truth" />
37-->src\main\AndroidManifest.xml:29:13-42
38        <activity
38-->src\main\AndroidManifest.xml:30:9-33:61
39            android:name="com.bob.truth_dare_sphi_app.MainActivity"
39-->src\main\AndroidManifest.xml:31:13-41
40            android:exported="false"
40-->src\main\AndroidManifest.xml:32:13-37
41            android:screenOrientation="portrait" />
41-->src\main\AndroidManifest.xml:33:13-49
42    </application>
43
44</manifest>